2016-04-08 21:56:39.554  INFO 4324 --- [main] com.kutija.KutijaApplication             : Starting KutijaApplication on kuica-PC with PID 4324 (started by kuica in D:\projekti java NOVO\kutijazacipele\KutijaZaCipele)
2016-04-08 21:56:39.593  INFO 4324 --- [main] ationConfigEmbeddedWebApplicationContext : Refreshing org.springframework.boot.context.embedded.AnnotationConfigEmbeddedWebApplicationContext@1da51a35: startup date [Fri Apr 08 21:56:39 CEST 2016]; root of context hierarchy
2016-04-08 21:56:40.333  INFO 4324 --- [main] o.s.b.f.s.DefaultListableBeanFactory     : Overriding bean definition for bean 'beanNameViewResolver': replacing [Root bean: class [null]; scope=; abstract=false; lazyInit=false; autowireMode=3; dependencyCheck=0; autowireCandidate=true; primary=false; factoryBeanName=org.springframework.boot.autoconfigure.web.ErrorMvcAutoConfiguration$WhitelabelErrorViewConfiguration; factoryMethodName=beanNameViewResolver; initMethodName=null; destroyMethodName=(inferred); defined in class path resource [org/springframework/boot/autoconfigure/web/ErrorMvcAutoConfiguration$WhitelabelErrorViewConfiguration.class]] with [Root bean: class [null]; scope=; abstract=false; lazyInit=false; autowireMode=3; dependencyCheck=0; autowireCandidate=true; primary=false; factoryBeanName=org.springframework.boot.autoconfigure.web.WebMvcAutoConfiguration$WebMvcAutoConfigurationAdapter; factoryMethodName=beanNameViewResolver; initMethodName=null; destroyMethodName=(inferred); defined in class path resource [org/springframework/boot/autoconfigure/web/WebMvcAutoConfiguration$WebMvcAutoConfigurationAdapter.class]]
2016-04-08 21:56:40.900  INFO 4324 --- [main] trationDelegate$BeanPostProcessorChecker : Bean 'org.springframework.transaction.annotation.ProxyTransactionManagementConfiguration' of type [class org.springframework.transaction.annotation.ProxyTransactionManagementConfiguration$$EnhancerBySpringCGLIB$$906364dd] is not eligible for getting processed by all BeanPostProcessors (for example: not eligible for auto-proxying)
2016-04-08 21:56:40.922  INFO 4324 --- [main] trationDelegate$BeanPostProcessorChecker : Bean 'transactionAttributeSource' of type [class org.springframework.transaction.annotation.AnnotationTransactionAttributeSource] is not eligible for getting processed by all BeanPostProcessors (for example: not eligible for auto-proxying)
2016-04-08 21:56:40.929  INFO 4324 --- [main] trationDelegate$BeanPostProcessorChecker : Bean 'transactionInterceptor' of type [class org.springframework.transaction.interceptor.TransactionInterceptor] is not eligible for getting processed by all BeanPostProcessors (for example: not eligible for auto-proxying)
2016-04-08 21:56:40.934  INFO 4324 --- [main] trationDelegate$BeanPostProcessorChecker : Bean 'org.springframework.transaction.config.internalTransactionAdvisor' of type [class org.springframework.transaction.interceptor.BeanFactoryTransactionAttributeSourceAdvisor] is not eligible for getting processed by all BeanPostProcessors (for example: not eligible for auto-proxying)
2016-04-08 21:56:41.303  INFO 4324 --- [main] s.b.c.e.t.TomcatEmbeddedServletContainer : Tomcat initialized with port(s): 8080 (http)
2016-04-08 21:56:41.486  INFO 4324 --- [main] o.apache.catalina.core.StandardService   : Starting service Tomcat
2016-04-08 21:56:41.487  INFO 4324 --- [main] org.apache.catalina.core.StandardEngine  : Starting Servlet Engine: Apache Tomcat/7.0.47
2016-04-08 21:56:42.523  INFO 4324 --- [localhost-startStop-1] o.a.c.c.C.[Tomcat].[localhost].[/]       : Initializing Spring embedded WebApplicationContext
2016-04-08 21:56:42.524  INFO 4324 --- [localhost-startStop-1] o.s.web.context.ContextLoader            : Root WebApplicationContext: initialization completed in 2933 ms
2016-04-08 21:56:42.992  INFO 4324 --- [localhost-startStop-1] o.s.b.c.e.ServletRegistrationBean        : Mapping servlet: 'dispatcherServlet' to [/]
2016-04-08 21:56:42.994  INFO 4324 --- [localhost-startStop-1] o.s.b.c.embedded.FilterRegistrationBean  : Mapping filter: 'characterEncodingFilter' to: [/*]
2016-04-08 21:56:42.995  INFO 4324 --- [localhost-startStop-1] o.s.b.c.embedded.FilterRegistrationBean  : Mapping filter: 'hiddenHttpMethodFilter' to: [/*]
2016-04-08 21:56:43.238  INFO 4324 --- [main] j.LocalContainerEntityManagerFactoryBean : Building JPA container EntityManagerFactory for persistence unit 'default'
2016-04-08 21:56:43.247  INFO 4324 --- [main] o.hibernate.jpa.internal.util.LogHelper  : HHH000204: Processing PersistenceUnitInfo [
	name: default
	...]
2016-04-08 21:56:43.320  INFO 4324 --- [main] org.hibernate.Version                    : HHH000412: Hibernate Core {4.3.11.Final}
2016-04-08 21:56:43.322  INFO 4324 --- [main] org.hibernate.cfg.Environment            : HHH000206: hibernate.properties not found
2016-04-08 21:56:43.323  INFO 4324 --- [main] org.hibernate.cfg.Environment            : HHH000021: Bytecode provider name : javassist
2016-04-08 21:56:43.491  INFO 4324 --- [main] o.hibernate.annotations.common.Version   : HCANN000001: Hibernate Commons Annotations {4.0.5.Final}
2016-04-08 21:56:43.833  INFO 4324 --- [main] org.hibernate.dialect.Dialect            : HHH000400: Using dialect: org.hibernate.dialect.MySQL5Dialect
2016-04-08 21:56:43.842  INFO 4324 --- [main] o.h.e.jdbc.internal.LobCreatorBuilder    : HHH000423: Disabling contextual LOB creation as JDBC driver reported JDBC version [3] less than 4
2016-04-08 21:56:43.923  INFO 4324 --- [main] o.h.h.i.ast.ASTQueryTranslatorFactory    : HHH000397: Using ASTQueryTranslatorFactory
2016-04-08 21:56:44.299  INFO 4324 --- [main] org.hibernate.tool.hbm2ddl.SchemaUpdate  : HHH000228: Running hbm2ddl schema update
2016-04-08 21:56:44.300  INFO 4324 --- [main] org.hibernate.tool.hbm2ddl.SchemaUpdate  : HHH000102: Fetching database metadata
2016-04-08 21:56:44.301  INFO 4324 --- [main] org.hibernate.tool.hbm2ddl.SchemaUpdate  : HHH000396: Updating schema
2016-04-08 21:56:44.316  INFO 4324 --- [main] o.hibernate.tool.hbm2ddl.TableMetadata   : HHH000261: Table found: kutija_za_cipele.tbl_fotka
2016-04-08 21:56:44.317  INFO 4324 --- [main] o.hibernate.tool.hbm2ddl.TableMetadata   : HHH000037: Columns: [datum_slanja_fotografije, datum_nastanka_fotografije, dogadjaj_fotografisanja, user_koji_je_postavio_fotografiju, fotografija_fajl, id, mesto_fotografisanja, ime_fotografa]
2016-04-08 21:56:44.317  INFO 4324 --- [main] o.hibernate.tool.hbm2ddl.TableMetadata   : HHH000108: Foreign keys: []
2016-04-08 21:56:44.317  INFO 4324 --- [main] o.hibernate.tool.hbm2ddl.TableMetadata   : HHH000126: Indexes: [primary]
2016-04-08 21:56:44.318  INFO 4324 --- [main] org.hibernate.tool.hbm2ddl.SchemaUpdate  : HHH000232: Schema update complete
2016-04-08 21:56:44.702  INFO 4324 --- [main] s.w.s.m.m.a.RequestMappingHandlerAdapter : Looking for @ControllerAdvice: org.springframework.boot.context.embedded.AnnotationConfigEmbeddedWebApplicationContext@1da51a35: startup date [Fri Apr 08 21:56:39 CEST 2016]; root of context hierarchy
2016-04-08 21:56:44.773  INFO 4324 --- [main] s.w.s.m.m.a.RequestMappingHandlerMapping : Mapped "{[/api/fotke],methods=[GET]}" onto public org.springframework.http.ResponseEntity<com.kutija.model.Fotka> com.kutija.controller.ApiFotkeController.getFotka(java.lang.Long,int)
2016-04-08 21:56:44.773  INFO 4324 --- [main] s.w.s.m.m.a.RequestMappingHandlerMapping : Mapped "{[/api/fotke/{id}],methods=[GET]}" onto public org.springframework.http.ResponseEntity<com.kutija.model.Fotka> com.kutija.controller.ApiFotkeController.getFotkaId(java.lang.Long)
2016-04-08 21:56:44.773  INFO 4324 --- [main] s.w.s.m.m.a.RequestMappingHandlerMapping : Mapped "{[/api/fotke],methods=[POST],consumes=[multipart/form-data]}" onto public org.springframework.http.ResponseEntity<com.kutija.model.Fotka> com.kutija.controller.ApiFotkeController.saveFotka(org.springframework.web.multipart.MultipartFile)
2016-04-08 21:56:44.773  INFO 4324 --- [main] s.w.s.m.m.a.RequestMappingHandlerMapping : Mapped "{[/api/fotke/data],methods=[POST],consumes=[application/json]}" onto public org.springframework.http.ResponseEntity<com.kutija.model.Fotka> com.kutija.controller.ApiFotkeController.saveFotkaData(com.kutija.model.Fotka)
2016-04-08 21:56:44.774  INFO 4324 --- [main] s.w.s.m.m.a.RequestMappingHandlerMapping : Mapped "{[/api/fotke/sve],methods=[GET]}" onto public org.springframework.http.ResponseEntity<java.util.List<com.kutija.model.Fotka>> com.kutija.controller.ApiFotkeController.getSveFotke()
2016-04-08 21:56:44.774  INFO 4324 --- [main] s.w.s.m.m.a.RequestMappingHandlerMapping : Mapped "{[/]}" onto public java.lang.String com.kutija.controller.WelcomeController.welcome()
2016-04-08 21:56:44.775  INFO 4324 --- [main] s.w.s.m.m.a.RequestMappingHandlerMapping : Mapped "{[/error]}" onto public org.springframework.http.ResponseEntity<java.util.Map<java.lang.String, java.lang.Object>> org.springframework.boot.autoconfigure.web.BasicErrorController.error(javax.servlet.http.HttpServletRequest)
2016-04-08 21:56:44.776  INFO 4324 --- [main] s.w.s.m.m.a.RequestMappingHandlerMapping : Mapped "{[/error],produces=[text/html]}" onto public org.springframework.web.servlet.ModelAndView org.springframework.boot.autoconfigure.web.BasicErrorController.errorHtml(javax.servlet.http.HttpServletRequest)
2016-04-08 21:56:44.808  INFO 4324 --- [main] o.s.w.s.handler.SimpleUrlHandlerMapping  : Mapped URL path [/webjars/**] onto handler of type [class org.springframework.web.servlet.resource.ResourceHttpRequestHandler]
2016-04-08 21:56:44.809  INFO 4324 --- [main] o.s.w.s.handler.SimpleUrlHandlerMapping  : Mapped URL path [/**] onto handler of type [class org.springframework.web.servlet.resource.ResourceHttpRequestHandler]
2016-04-08 21:56:44.856  INFO 4324 --- [main] o.s.w.s.handler.SimpleUrlHandlerMapping  : Mapped URL path [/**/favicon.ico] onto handler of type [class org.springframework.web.servlet.resource.ResourceHttpRequestHandler]
2016-04-08 21:56:45.022  INFO 4324 --- [main] o.s.j.e.a.AnnotationMBeanExporter        : Registering beans for JMX exposure on startup
2016-04-08 21:56:45.069  INFO 4324 --- [main] s.b.c.e.t.TomcatEmbeddedServletContainer : Tomcat started on port(s): 8080 (http)
2016-04-08 21:56:45.072  INFO 4324 --- [main] com.kutija.KutijaApplication             : Started KutijaApplication in 5.824 seconds (JVM running for 6.115)
2016-04-08 21:56:47.806  INFO 4324 --- [http-nio-8080-exec-1] o.a.c.c.C.[Tomcat].[localhost].[/]       : Initializing Spring FrameworkServlet 'dispatcherServlet'
2016-04-08 21:56:47.806  INFO 4324 --- [http-nio-8080-exec-1] o.s.web.servlet.DispatcherServlet        : FrameworkServlet 'dispatcherServlet': initialization started
2016-04-08 21:56:47.820  INFO 4324 --- [http-nio-8080-exec-1] o.s.web.servlet.DispatcherServlet        : FrameworkServlet 'dispatcherServlet': initialization completed in 14 ms
2016-04-08 21:58:21.155  INFO 2948 --- [main] com.kutija.KutijaApplication             : Starting KutijaApplication on kuica-PC with PID 2948 (started by kuica in D:\projekti java NOVO\kutijazacipele\KutijaZaCipele)
2016-04-08 21:58:21.183  INFO 2948 --- [main] ationConfigEmbeddedWebApplicationContext : Refreshing org.springframework.boot.context.embedded.AnnotationConfigEmbeddedWebApplicationContext@1da51a35: startup date [Fri Apr 08 21:58:21 CEST 2016]; root of context hierarchy
2016-04-08 21:58:21.801  INFO 2948 --- [main] o.s.b.f.s.DefaultListableBeanFactory     : Overriding bean definition for bean 'beanNameViewResolver': replacing [Root bean: class [null]; scope=; abstract=false; lazyInit=false; autowireMode=3; dependencyCheck=0; autowireCandidate=true; primary=false; factoryBeanName=org.springframework.boot.autoconfigure.web.ErrorMvcAutoConfiguration$WhitelabelErrorViewConfiguration; factoryMethodName=beanNameViewResolver; initMethodName=null; destroyMethodName=(inferred); defined in class path resource [org/springframework/boot/autoconfigure/web/ErrorMvcAutoConfiguration$WhitelabelErrorViewConfiguration.class]] with [Root bean: class [null]; scope=; abstract=false; lazyInit=false; autowireMode=3; dependencyCheck=0; autowireCandidate=true; primary=false; factoryBeanName=org.springframework.boot.autoconfigure.web.WebMvcAutoConfiguration$WebMvcAutoConfigurationAdapter; factoryMethodName=beanNameViewResolver; initMethodName=null; destroyMethodName=(inferred); defined in class path resource [org/springframework/boot/autoconfigure/web/WebMvcAutoConfiguration$WebMvcAutoConfigurationAdapter.class]]
2016-04-08 21:58:22.467  INFO 2948 --- [main] trationDelegate$BeanPostProcessorChecker : Bean 'org.springframework.transaction.annotation.ProxyTransactionManagementConfiguration' of type [class org.springframework.transaction.annotation.ProxyTransactionManagementConfiguration$$EnhancerBySpringCGLIB$$906364dd] is not eligible for getting processed by all BeanPostProcessors (for example: not eligible for auto-proxying)
2016-04-08 21:58:22.491  INFO 2948 --- [main] trationDelegate$BeanPostProcessorChecker : Bean 'transactionAttributeSource' of type [class org.springframework.transaction.annotation.AnnotationTransactionAttributeSource] is not eligible for getting processed by all BeanPostProcessors (for example: not eligible for auto-proxying)
2016-04-08 21:58:22.503  INFO 2948 --- [main] trationDelegate$BeanPostProcessorChecker : Bean 'transactionInterceptor' of type [class org.springframework.transaction.interceptor.TransactionInterceptor] is not eligible for getting processed by all BeanPostProcessors (for example: not eligible for auto-proxying)
2016-04-08 21:58:22.509  INFO 2948 --- [main] trationDelegate$BeanPostProcessorChecker : Bean 'org.springframework.transaction.config.internalTransactionAdvisor' of type [class org.springframework.transaction.interceptor.BeanFactoryTransactionAttributeSourceAdvisor] is not eligible for getting processed by all BeanPostProcessors (for example: not eligible for auto-proxying)
2016-04-08 21:58:22.891  INFO 2948 --- [main] s.b.c.e.t.TomcatEmbeddedServletContainer : Tomcat initialized with port(s): 8080 (http)
2016-04-08 21:58:23.069  INFO 2948 --- [main] o.apache.catalina.core.StandardService   : Starting service Tomcat
2016-04-08 21:58:23.070  INFO 2948 --- [main] org.apache.catalina.core.StandardEngine  : Starting Servlet Engine: Apache Tomcat/7.0.47
2016-04-08 21:58:24.202  INFO 2948 --- [localhost-startStop-1] o.a.c.c.C.[Tomcat].[localhost].[/]       : Initializing Spring embedded WebApplicationContext
2016-04-08 21:58:24.202  INFO 2948 --- [localhost-startStop-1] o.s.web.context.ContextLoader            : Root WebApplicationContext: initialization completed in 3021 ms
2016-04-08 21:58:24.696  INFO 2948 --- [localhost-startStop-1] o.s.b.c.e.ServletRegistrationBean        : Mapping servlet: 'dispatcherServlet' to [/]
2016-04-08 21:58:24.698  INFO 2948 --- [localhost-startStop-1] o.s.b.c.embedded.FilterRegistrationBean  : Mapping filter: 'characterEncodingFilter' to: [/*]
2016-04-08 21:58:24.699  INFO 2948 --- [localhost-startStop-1] o.s.b.c.embedded.FilterRegistrationBean  : Mapping filter: 'hiddenHttpMethodFilter' to: [/*]
2016-04-08 21:58:24.937  INFO 2948 --- [main] j.LocalContainerEntityManagerFactoryBean : Building JPA container EntityManagerFactory for persistence unit 'default'
2016-04-08 21:58:24.945  INFO 2948 --- [main] o.hibernate.jpa.internal.util.LogHelper  : HHH000204: Processing PersistenceUnitInfo [
	name: default
	...]
2016-04-08 21:58:25.016  INFO 2948 --- [main] org.hibernate.Version                    : HHH000412: Hibernate Core {4.3.11.Final}
2016-04-08 21:58:25.017  INFO 2948 --- [main] org.hibernate.cfg.Environment            : HHH000206: hibernate.properties not found
2016-04-08 21:58:25.019  INFO 2948 --- [main] org.hibernate.cfg.Environment            : HHH000021: Bytecode provider name : javassist
2016-04-08 21:58:25.168  INFO 2948 --- [main] o.hibernate.annotations.common.Version   : HCANN000001: Hibernate Commons Annotations {4.0.5.Final}
2016-04-08 21:58:25.559  INFO 2948 --- [main] org.hibernate.dialect.Dialect            : HHH000400: Using dialect: org.hibernate.dialect.MySQL5Dialect
2016-04-08 21:58:25.566  INFO 2948 --- [main] o.h.e.jdbc.internal.LobCreatorBuilder    : HHH000423: Disabling contextual LOB creation as JDBC driver reported JDBC version [3] less than 4
2016-04-08 21:58:25.697  INFO 2948 --- [main] o.h.h.i.ast.ASTQueryTranslatorFactory    : HHH000397: Using ASTQueryTranslatorFactory
2016-04-08 21:58:26.004  INFO 2948 --- [main] org.hibernate.tool.hbm2ddl.SchemaUpdate  : HHH000228: Running hbm2ddl schema update
2016-04-08 21:58:26.005  INFO 2948 --- [main] org.hibernate.tool.hbm2ddl.SchemaUpdate  : HHH000102: Fetching database metadata
2016-04-08 21:58:26.005  INFO 2948 --- [main] org.hibernate.tool.hbm2ddl.SchemaUpdate  : HHH000396: Updating schema
2016-04-08 21:58:26.017  INFO 2948 --- [main] o.hibernate.tool.hbm2ddl.TableMetadata   : HHH000261: Table found: kutija_za_cipele.tbl_fotka
2016-04-08 21:58:26.017  INFO 2948 --- [main] o.hibernate.tool.hbm2ddl.TableMetadata   : HHH000037: Columns: [datum_slanja_fotografije, datum_nastanka_fotografije, dogadjaj_fotografisanja, user_koji_je_postavio_fotografiju, fotografija_fajl, id, mesto_fotografisanja, ime_fotografa]
2016-04-08 21:58:26.017  INFO 2948 --- [main] o.hibernate.tool.hbm2ddl.TableMetadata   : HHH000108: Foreign keys: []
2016-04-08 21:58:26.017  INFO 2948 --- [main] o.hibernate.tool.hbm2ddl.TableMetadata   : HHH000126: Indexes: [primary]
2016-04-08 21:58:26.018  INFO 2948 --- [main] org.hibernate.tool.hbm2ddl.SchemaUpdate  : HHH000232: Schema update complete
2016-04-08 21:58:26.399  INFO 2948 --- [main] s.w.s.m.m.a.RequestMappingHandlerAdapter : Looking for @ControllerAdvice: org.springframework.boot.context.embedded.AnnotationConfigEmbeddedWebApplicationContext@1da51a35: startup date [Fri Apr 08 21:58:21 CEST 2016]; root of context hierarchy
2016-04-08 21:58:26.472  INFO 2948 --- [main] s.w.s.m.m.a.RequestMappingHandlerMapping : Mapped "{[/api/fotke],methods=[GET]}" onto public org.springframework.http.ResponseEntity<com.kutija.model.Fotka> com.kutija.controller.ApiFotkeController.getFotka(java.lang.Long,int)
2016-04-08 21:58:26.472  INFO 2948 --- [main] s.w.s.m.m.a.RequestMappingHandlerMapping : Mapped "{[/api/fotke/{id}],methods=[GET]}" onto public org.springframework.http.ResponseEntity<com.kutija.model.Fotka> com.kutija.controller.ApiFotkeController.getFotkaId(java.lang.Long)
2016-04-08 21:58:26.473  INFO 2948 --- [main] s.w.s.m.m.a.RequestMappingHandlerMapping : Mapped "{[/api/fotke],methods=[POST],consumes=[multipart/form-data]}" onto public org.springframework.http.ResponseEntity<com.kutija.model.Fotka> com.kutija.controller.ApiFotkeController.saveFotka(org.springframework.web.multipart.MultipartFile)
2016-04-08 21:58:26.473  INFO 2948 --- [main] s.w.s.m.m.a.RequestMappingHandlerMapping : Mapped "{[/api/fotke/data],methods=[POST],consumes=[application/json]}" onto public org.springframework.http.ResponseEntity<com.kutija.model.Fotka> com.kutija.controller.ApiFotkeController.saveFotkaData(com.kutija.model.Fotka)
2016-04-08 21:58:26.473  INFO 2948 --- [main] s.w.s.m.m.a.RequestMappingHandlerMapping : Mapped "{[/api/fotke/sve],methods=[GET]}" onto public org.springframework.http.ResponseEntity<java.util.List<com.kutija.model.Fotka>> com.kutija.controller.ApiFotkeController.getSveFotke()
2016-04-08 21:58:26.473  INFO 2948 --- [main] s.w.s.m.m.a.RequestMappingHandlerMapping : Mapped "{[/]}" onto public java.lang.String com.kutija.controller.WelcomeController.welcome()
2016-04-08 21:58:26.474  INFO 2948 --- [main] s.w.s.m.m.a.RequestMappingHandlerMapping : Mapped "{[/error]}" onto public org.springframework.http.ResponseEntity<java.util.Map<java.lang.String, java.lang.Object>> org.springframework.boot.autoconfigure.web.BasicErrorController.error(javax.servlet.http.HttpServletRequest)
2016-04-08 21:58:26.475  INFO 2948 --- [main] s.w.s.m.m.a.RequestMappingHandlerMapping : Mapped "{[/error],produces=[text/html]}" onto public org.springframework.web.servlet.ModelAndView org.springframework.boot.autoconfigure.web.BasicErrorController.errorHtml(javax.servlet.http.HttpServletRequest)
2016-04-08 21:58:26.506  INFO 2948 --- [main] o.s.w.s.handler.SimpleUrlHandlerMapping  : Mapped URL path [/webjars/**] onto handler of type [class org.springframework.web.servlet.resource.ResourceHttpRequestHandler]
2016-04-08 21:58:26.506  INFO 2948 --- [main] o.s.w.s.handler.SimpleUrlHandlerMapping  : Mapped URL path [/**] onto handler of type [class org.springframework.web.servlet.resource.ResourceHttpRequestHandler]
2016-04-08 21:58:26.541  INFO 2948 --- [main] o.s.w.s.handler.SimpleUrlHandlerMapping  : Mapped URL path [/**/favicon.ico] onto handler of type [class org.springframework.web.servlet.resource.ResourceHttpRequestHandler]
2016-04-08 21:58:26.671  INFO 2948 --- [main] o.s.j.e.a.AnnotationMBeanExporter        : Registering beans for JMX exposure on startup
2016-04-08 21:58:26.713  INFO 2948 --- [main] s.b.c.e.t.TomcatEmbeddedServletContainer : Tomcat started on port(s): 8080 (http)
2016-04-08 21:58:26.715  INFO 2948 --- [main] com.kutija.KutijaApplication             : Started KutijaApplication in 5.791 seconds (JVM running for 6.122)
